#
# A fatal error has been detected by the Java Runtime Environment:
#
#  EXCEPTION_ACCESS_VIOLATION (0xc0000005) at pc=0x6608b66b, pid=7032, tid=11284
#
# JRE version: Java(TM) SE Runtime Environment (8.0-b109) (build 1.8.0-ea-b109)
# Java VM: Java HotSpot(TM) Client VM (25.0-b51 mixed mode, sharing windows-x86 )
# Problematic frame:
# V  [jvm.dll+0x5b66b]
#
# Failed to write core dump. Minidumps are not enabled by default on client versions of Windows
#
# If you would like to submit a bug report, please visit:
#   http://bugreport.sun.com/bugreport/crash.jsp
#

---------------  T H R E A D  ---------------

Current thread (0x02d71400):  JavaThread "main" [_thread_in_vm, id=11284, stack(0x014a0000,0x014f0000)]

siginfo: ExceptionCode=0xc0000005, writing address 0x000000b2

Registers:
EAX=0x00000001, EBX=0x00000000, ECX=0x00000002, EDX=0x000000b2
ESP=0x014ee2c8, EBP=0x014ee2cc, ESI=0x00000002, EDI=0x02d71400
EIP=0x6608b66b, EFLAGS=0x00010202

Top of Stack: (sp=0x014ee2c8)
0x014ee2c8:   000000b2 014ee52c 66183c0c 00000001
0x014ee2d8:   00000000 014ee584 02d71400 02d71400
0x014ee2e8:   014ee59c 02e9f372 02e9f288 00000000
0x014ee2f8:   014ee6f8 014ee59c 014ee700 0321a27c
0x014ee308:   0321a148 00000000 014eea00 014ee700
0x014ee318:   014ee3bc 014ee34c 1a4a4a78 1a5e1480
0x014ee328:   1a4a49f8 02d71400 1a5e1380 02d71400
0x014ee338:   00000000 fffffffc 00000000 00000000 

Instructions: (pc=0x6608b66b)
0x6608b64b:   04 cc 37 66 7f 0b 80 3d 81 c5 37 66 00 75 02 33
0x6608b65b:   c0 0f b6 d0 89 55 08 8b 55 fc 83 7d 08 00 74 01
0x6608b66b:   f0 83 02 01 80 7d 0c 00 75 28 8b 01 8b 50 2c ff
0x6608b67b:   d2 84 c0 74 1d 68 64 a0 2d 66 68 34 a0 2d 66 68 


Register to memory mapping:

EAX=0x00000001 is an unknown value
EBX=0x00000000 is an unknown value
ECX=0x00000002 is an unknown value
EDX=0x000000b2 is an unknown value
ESP=0x014ee2c8 is pointing into the stack for thread: 0x02d71400
EBP=0x014ee2cc is pointing into the stack for thread: 0x02d71400
ESI=0x00000002 is an unknown value
EDI=0x02d71400 is a thread


Stack: [0x014a0000,0x014f0000],  sp=0x014ee2c8,  free space=312k
Native frames: (J=compiled Java code, j=interpreted, Vv=VM code, C=native code)
V  [jvm.dll+0x5b66b]
V  [jvm.dll+0x153c0c]
V  [jvm.dll+0x154242]
V  [jvm.dll+0x1548cd]
v  ~RuntimeStub::resolve_opt_virtual_call
J 2321 C1 org.springframework.data.repository.core.support.MethodLookup$$Lambda$656.getLookups()Ljava/util/List; (12 bytes) @ 0x0321a27c [0x0321a250+0x2c]
J 2229 C1 org.springframework.data.repository.core.support.RepositoryComposition$RepositoryFragments.findMethod(Lorg/springframework/data/repository/core/support/MethodLookup$InvokedMethod;Lorg/springframework/data/repository/core/support/MethodLookup;Ljava/util/function/Supplier;)Ljava/lang/reflect/Method; (83 bytes) @ 0x031fea60 [0x031fea40+0x20]
J 2315 C1 org.springframework.data.repository.core.support.RepositoryComposition$$Lambda$658.apply(Ljava/lang/Object;)Ljava/lang/Object; (12 bytes) @ 0x03218d3c [0x03218c50+0xec]
J 901 C1 java.util.Map.computeIfAbsent(Ljava/lang/Object;Ljava/util/function/Function;)Ljava/lang/Object; (46 bytes) @ 0x0301ac48 [0x0301abf0+0x58]
J 900 C1 org.springframework.util.ConcurrentReferenceHashMap.computeIfAbsent(Ljava/lang/Object;Ljava/util/function/Function;)Ljava/lang/Object; (7 bytes) @ 0x0301a9f8 [0x0301a9d0+0x28]
J 2273 C1 org.springframework.data.repository.core.support.DefaultRepositoryInformation.isQueryMethodCandidate(Ljava/lang/reflect/Method;)Z (54 bytes) @ 0x0320879c [0x032086a0+0xfc]
J 2271 C1 org.springframework.data.repository.core.support.DefaultRepositoryInformation.getQueryMethods()Lorg/springframework/data/util/Streamable; (77 bytes) @ 0x03207ca8 [0x03207b60+0x148]
j  org.springframework.data.repository.core.support.DefaultRepositoryInformation.isQueryMethod(Ljava/lang/reflect/Method;)Z+1
j  org.springframework.data.jpa.repository.support.CrudMethodMetadataPostProcessor$CrudMethodMetadataPopulatingMethodInterceptor.lambda$new$0(Lorg/springframework/data/repository/core/RepositoryInformation;Ljava/lang/reflect/Method;)Z+2
j  org.springframework.data.jpa.repository.support.CrudMethodMetadataPostProcessor$CrudMethodMetadataPopulatingMethodInterceptor$$Lambda$671.matches(Ljava/lang/reflect/Method;)Z+5
J 1480 C1 org.springframework.util.ReflectionUtils.doWithMethods(Ljava/lang/Class;Lorg/springframework/util/ReflectionUtils$MethodCallback;Lorg/springframework/util/ReflectionUtils$MethodFilter;)V (193 bytes) @ 0x0302f5e4 [0x0302f580+0x64]
j  org.springframework.data.jpa.repository.support.CrudMethodMetadataPostProcessor$CrudMethodMetadataPopulatingMethodInterceptor.<init>(Lorg/springframework/data/repository/core/RepositoryInformation;)V+52
j  org.springframework.data.jpa.repository.support.CrudMethodMetadataPostProcessor.postProcess(Lorg/springframework/aop/framework/ProxyFactory;Lorg/springframework/data/repository/core/RepositoryInformation;)V+6
j  org.springframework.data.repository.core.support.RepositoryFactorySupport.lambda$getRepository$1(Lorg/springframework/aop/framework/ProxyFactory;Lorg/springframework/data/repository/core/RepositoryInformation;Lorg/springframework/data/repository/core/support/RepositoryProxyPostProcessor;)V+3
j  org.springframework.data.repository.core.support.RepositoryFactorySupport$$Lambda$669.accept(Ljava/lang/Object;)V+12
j  java.util.ArrayList.forEach(Ljava/util/function/Consumer;)V+47
j  org.springframework.data.repository.core.support.RepositoryFactorySupport.getRepository(Ljava/lang/Class;Lorg/springframework/data/repository/core/support/RepositoryComposition$RepositoryFragments;)Ljava/lang/Object;+155
j  org.springframework.data.repository.core.support.RepositoryFactoryBeanSupport.lambda$afterPropertiesSet$5(Lorg/springframework/data/repository/core/support/RepositoryComposition$RepositoryFragments;)Lorg/springframework/data/repository/Repository;+9
j  org.springframework.data.repository.core.support.RepositoryFactoryBeanSupport$$Lambda$652.get()Ljava/lang/Object;+8
j  org.springframework.data.util.Lazy.getNullable()Ljava/lang/Object;+18
j  org.springframework.data.util.Lazy.get()Ljava/lang/Object;+1
j  org.springframework.data.repository.core.support.RepositoryFactoryBeanSupport.afterPropertiesSet()V+217
j  org.springframework.data.jpa.repository.support.JpaRepositoryFactoryBean.afterPropertiesSet()V+18
j  org.springframework.beans.factory.support.AbstractAutowireCapableBeanFactory.invokeInitMethods(Ljava/lang/String;Ljava/lang/Object;Lorg/springframework/beans/factory/support/RootBeanDefinition;)V+106
j  org.springframework.beans.factory.support.AbstractAutowireCapableBeanFactory.initializeBean(Ljava/lang/String;Ljava/lang/Object;Lorg/springframework/beans/factory/support/RootBeanDefinition;)Ljava/lang/Object;+59
j  org.springframework.beans.factory.support.AbstractAutowireCapableBeanFactory.doCreateBean(Ljava/lang/String;Lorg/springframework/beans/factory/support/RootBeanDefinition;[Ljava/lang/Object;)Ljava/lang/Object;+245
j  org.springframework.beans.factory.support.AbstractAutowireCapableBeanFactory.createBean(Ljava/lang/String;Lorg/springframework/beans/factory/support/RootBeanDefinition;[Ljava/lang/Object;)Ljava/lang/Object;+169
j  org.springframework.beans.factory.support.AbstractBeanFactory.lambda$doGetBean$0(Ljava/lang/String;Lorg/springframework/beans/factory/support/RootBeanDefinition;[Ljava/lang/Object;)Ljava/lang/Object;+4
j  org.springframework.beans.factory.support.AbstractBeanFactory$$Lambda$137.getObject()Ljava/lang/Object;+16
j  org.springframework.beans.factory.support.DefaultSingletonBeanRegistry.getSingleton(Ljava/lang/String;Lorg/springframework/beans/factory/ObjectFactory;)Ljava/lang/Object;+132
j  org.springframework.beans.factory.support.AbstractBeanFactory.doGetBean(Ljava/lang/String;Ljava/lang/Class;[Ljava/lang/Object;Z)Ljava/lang/Object;+467
j  org.springframework.beans.factory.support.AbstractBeanFactory.getBean(Ljava/lang/String;)Ljava/lang/Object;+5
j  org.springframework.beans.factory.config.DependencyDescriptor.resolveCandidate(Ljava/lang/String;Ljava/lang/Class;Lorg/springframework/beans/factory/BeanFactory;)Ljava/lang/Object;+2
j  org.springframework.beans.factory.support.DefaultListableBeanFactory.doResolveDependency(Lorg/springframework/beans/factory/config/DependencyDescriptor;Ljava/lang/String;Ljava/util/Set;Lorg/springframework/beans/TypeConverter;)Ljava/lang/Object;+440
j  org.springframework.beans.factory.support.DefaultListableBeanFactory.resolveDependency(Lorg/springframework/beans/factory/config/DependencyDescriptor;Ljava/lang/String;Ljava/util/Set;Lorg/springframework/beans/TypeConverter;)Ljava/lang/Object;+108
j  org.springframework.beans.factory.annotation.AutowiredAnnotationBeanPostProcessor$AutowiredFieldElement.inject(Ljava/lang/Object;Ljava/lang/String;Lorg/springframework/beans/PropertyValues;)V+115
j  org.springframework.beans.factory.annotation.InjectionMetadata.inject(Ljava/lang/Object;Ljava/lang/String;Lorg/springframework/beans/PropertyValues;)V+116
j  org.springframework.beans.factory.annotation.AutowiredAnnotationBeanPostProcessor.postProcessProperties(Lorg/springframework/beans/PropertyValues;Ljava/lang/Object;Ljava/lang/String;)Lorg/springframework/beans/PropertyValues;+17
j  org.springframework.beans.factory.support.AbstractAutowireCapableBeanFactory.populateBean(Ljava/lang/String;Lorg/springframework/beans/factory/support/RootBeanDefinition;Lorg/springframework/beans/BeanWrapper;)V+289
j  org.springframework.beans.factory.support.AbstractAutowireCapableBeanFactory.doCreateBean(Ljava/lang/String;Lorg/springframework/beans/factory/support/RootBeanDefinition;[Ljava/lang/Object;)Ljava/lang/Object;+237
j  org.springframework.beans.factory.support.AbstractAutowireCapableBeanFactory.createBean(Ljava/lang/String;Lorg/springframework/beans/factory/support/RootBeanDefinition;[Ljava/lang/Object;)Ljava/lang/Object;+169
j  org.springframework.beans.factory.support.AbstractBeanFactory.lambda$doGetBean$0(Ljava/lang/String;Lorg/springframework/beans/factory/support/RootBeanDefinition;[Ljava/lang/Object;)Ljava/lang/Object;+4
j  org.springframework.beans.factory.support.AbstractBeanFactory$$Lambda$137.getObject()Ljava/lang/Object;+16
j  org.springframework.beans.factory.support.DefaultSingletonBeanRegistry.getSingleton(Ljava/lang/String;Lorg/springframework/beans/factory/ObjectFactory;)Ljava/lang/Object;+132
j  org.springframework.beans.factory.support.AbstractBeanFactory.doGetBean(Ljava/lang/String;Ljava/lang/Class;[Ljava/lang/Object;Z)Ljava/lang/Object;+467
j  org.springframework.beans.factory.support.AbstractBeanFactory.getBean(Ljava/lang/String;)Ljava/lang/Object;+5
j  org.springframework.beans.factory.config.DependencyDescriptor.resolveCandidate(Ljava/lang/String;Ljava/lang/Class;Lorg/springframework/beans/factory/BeanFactory;)Ljava/lang/Object;+2
j  org.springframework.beans.factory.support.DefaultListableBeanFactory.doResolveDependency(Lorg/springframework/beans/factory/config/DependencyDescriptor;Ljava/lang/String;Ljava/util/Set;Lorg/springframework/beans/TypeConverter;)Ljava/lang/Object;+440
j  org.springframework.beans.factory.support.DefaultListableBeanFactory.resolveDependency(Lorg/springframework/beans/factory/config/DependencyDescriptor;Ljava/lang/String;Ljava/util/Set;Lorg/springframework/beans/TypeConverter;)Ljava/lang/Object;+108
j  org.springframework.beans.factory.annotation.AutowiredAnnotationBeanPostProcessor$AutowiredFieldElement.inject(Ljava/lang/Object;Ljava/lang/String;Lorg/springframework/beans/PropertyValues;)V+115
j  org.springframework.beans.factory.annotation.InjectionMetadata.inject(Ljava/lang/Object;Ljava/lang/String;Lorg/springframework/beans/PropertyValues;)V+116
j  org.springframework.beans.factory.annotation.AutowiredAnnotationBeanPostProcessor.postProcessProperties(Lorg/springframework/beans/PropertyValues;Ljava/lang/Object;Ljava/lang/String;)Lorg/springframework/beans/PropertyValues;+17
j  org.springframework.beans.factory.support.AbstractAutowireCapableBeanFactory.populateBean(Ljava/lang/String;Lorg/springframework/beans/factory/support/RootBeanDefinition;Lorg/springframework/beans/BeanWrapper;)V+289
j  org.springframework.beans.factory.support.AbstractAutowireCapableBeanFactory.doCreateBean(Ljava/lang/String;Lorg/springframework/beans/factory/support/RootBeanDefinition;[Ljava/lang/Object;)Ljava/lang/Object;+237
j  org.springframework.beans.factory.support.AbstractAutowireCapableBeanFactory.createBean(Ljava/lang/String;Lorg/springframework/beans/factory/support/RootBeanDefinition;[Ljava/lang/Object;)Ljava/lang/Object;+169
j  org.springframework.beans.factory.support.AbstractBeanFactory.lambda$doGetBean$0(Ljava/lang/String;Lorg/springframework/beans/factory/support/RootBeanDefinition;[Ljava/lang/Object;)Ljava/lang/Object;+4
j  org.springframework.beans.factory.support.AbstractBeanFactory$$Lambda$137.getObject()Ljava/lang/Object;+16
j  org.springframework.beans.factory.support.DefaultSingletonBeanRegistry.getSingleton(Ljava/lang/String;Lorg/springframework/beans/factory/ObjectFactory;)Ljava/lang/Object;+132
j  org.springframework.beans.factory.support.AbstractBeanFactory.doGetBean(Ljava/lang/String;Ljava/lang/Class;[Ljava/lang/Object;Z)Ljava/lang/Object;+467
j  org.springframework.beans.factory.support.AbstractBeanFactory.getBean(Ljava/lang/String;)Ljava/lang/Object;+5
j  org.springframework.beans.factory.support.DefaultListableBeanFactory.preInstantiateSingletons()V+248
j  org.springframework.context.support.AbstractApplicationContext.finishBeanFactoryInitialization(Lorg/springframework/beans/factory/config/ConfigurableListableBeanFactory;)V+124
j  org.springframework.context.support.AbstractApplicationContext.refresh()V+54
j  org.springframework.boot.web.servlet.context.ServletWebServerApplicationContext.refresh()V+1
j  org.springframework.boot.SpringApplication.refresh(Lorg/springframework/context/ApplicationContext;)V+10
j  org.springframework.boot.SpringApplication.refreshContext(Lorg/springframework/context/ConfigurableApplicationContext;)V+2
j  org.springframework.boot.SpringApplication.run([Ljava/lang/String;)Lorg/springframework/context/ConfigurableApplicationContext;+118
j  org.springframework.boot.SpringApplication.run([Ljava/lang/Class;[Ljava/lang/String;)Lorg/springframework/context/ConfigurableApplicationContext;+9
j  org.springframework.boot.SpringApplication.run(Ljava/lang/Class;[Ljava/lang/String;)Lorg/springframework/context/ConfigurableApplicationContext;+9
j  com.personalprojects.AbacusLibraryServer.AbacusLibraryServerApplication.main([Ljava/lang/String;)V+3
v  ~StubRoutines::call_stub
V  [jvm.dll+0x13fe05]
V  [jvm.dll+0x203fee]
V  [jvm.dll+0x13fe9e]
V  [jvm.dll+0xcc1c7]
V  [jvm.dll+0xd476f]
C  [javaw.exe+0x20d8]
C  [javaw.exe+0xab41]
C  [javaw.exe+0xabcb]
C  [KERNEL32.DLL+0x16359]
C  [ntdll.dll+0x67b74]
C  [ntdll.dll+0x67b44]

Java frames: (J=compiled Java code, j=interpreted, Vv=VM code)
v  ~RuntimeStub::resolve_opt_virtual_call
J 2321 C1 org.springframework.data.repository.core.support.MethodLookup$$Lambda$656.getLookups()Ljava/util/List; (12 bytes) @ 0x0321a27c [0x0321a250+0x2c]
J 2229 C1 org.springframework.data.repository.core.support.RepositoryComposition$RepositoryFragments.findMethod(Lorg/springframework/data/repository/core/support/MethodLookup$InvokedMethod;Lorg/springframework/data/repository/core/support/MethodLookup;Ljava/util/function/Supplier;)Ljava/lang/reflect/Method; (83 bytes) @ 0x031fea60 [0x031fea40+0x20]
J 2315 C1 org.springframework.data.repository.core.support.RepositoryComposition$$Lambda$658.apply(Ljava/lang/Object;)Ljava/lang/Object; (12 bytes) @ 0x03218d3c [0x03218c50+0xec]
J 901 C1 java.util.Map.computeIfAbsent(Ljava/lang/Object;Ljava/util/function/Function;)Ljava/lang/Object; (46 bytes) @ 0x0301ac48 [0x0301abf0+0x58]
J 900 C1 org.springframework.util.ConcurrentReferenceHashMap.computeIfAbsent(Ljava/lang/Object;Ljava/util/function/Function;)Ljava/lang/Object; (7 bytes) @ 0x0301a9f8 [0x0301a9d0+0x28]
J 2273 C1 org.springframework.data.repository.core.support.DefaultRepositoryInformation.isQueryMethodCandidate(Ljava/lang/reflect/Method;)Z (54 bytes) @ 0x0320879c [0x032086a0+0xfc]
J 2271 C1 org.springframework.data.repository.core.support.DefaultRepositoryInformation.getQueryMethods()Lorg/springframework/data/util/Streamable; (77 bytes) @ 0x03207ca8 [0x03207b60+0x148]
j  org.springframework.data.repository.core.support.DefaultRepositoryInformation.isQueryMethod(Ljava/lang/reflect/Method;)Z+1
j  org.springframework.data.jpa.repository.support.CrudMethodMetadataPostProcessor$CrudMethodMetadataPopulatingMethodInterceptor.lambda$new$0(Lorg/springframework/data/repository/core/RepositoryInformation;Ljava/lang/reflect/Method;)Z+2
j  org.springframework.data.jpa.repository.support.CrudMethodMetadataPostProcessor$CrudMethodMetadataPopulatingMethodInterceptor$$Lambda$671.matches(Ljava/lang/reflect/Method;)Z+5
J 1480 C1 org.springframework.util.ReflectionUtils.doWithMethods(Ljava/lang/Class;Lorg/springframework/util/ReflectionUtils$MethodCallback;Lorg/springframework/util/ReflectionUtils$MethodFilter;)V (193 bytes) @ 0x0302f5e4 [0x0302f580+0x64]
j  org.springframework.data.jpa.repository.support.CrudMethodMetadataPostProcessor$CrudMethodMetadataPopulatingMethodInterceptor.<init>(Lorg/springframework/data/repository/core/RepositoryInformation;)V+52
j  org.springframework.data.jpa.repository.support.CrudMethodMetadataPostProcessor.postProcess(Lorg/springframework/aop/framework/ProxyFactory;Lorg/springframework/data/repository/core/RepositoryInformation;)V+6
j  org.springframework.data.repository.core.support.RepositoryFactorySupport.lambda$getRepository$1(Lorg/springframework/aop/framework/ProxyFactory;Lorg/springframework/data/repository/core/RepositoryInformation;Lorg/springframework/data/repository/core/support/RepositoryProxyPostProcessor;)V+3
j  org.springframework.data.repository.core.support.RepositoryFactorySupport$$Lambda$669.accept(Ljava/lang/Object;)V+12
j  java.util.ArrayList.forEach(Ljava/util/function/Consumer;)V+47
j  org.springframework.data.repository.core.support.RepositoryFactorySupport.getRepository(Ljava/lang/Class;Lorg/springframework/data/repository/core/support/RepositoryComposition$RepositoryFragments;)Ljava/lang/Object;+155
j  org.springframework.data.repository.core.support.RepositoryFactoryBeanSupport.lambda$afterPropertiesSet$5(Lorg/springframework/data/repository/core/support/RepositoryComposition$RepositoryFragments;)Lorg/springframework/data/repository/Repository;+9
j  org.springframework.data.repository.core.support.RepositoryFactoryBeanSupport$$Lambda$652.get()Ljava/lang/Object;+8
j  org.springframework.data.util.Lazy.getNullable()Ljava/lang/Object;+18
j  org.springframework.data.util.Lazy.get()Ljava/lang/Object;+1
j  org.springframework.data.repository.core.support.RepositoryFactoryBeanSupport.afterPropertiesSet()V+217
j  org.springframework.data.jpa.repository.support.JpaRepositoryFactoryBean.afterPropertiesSet()V+18
j  org.springframework.beans.factory.support.AbstractAutowireCapableBeanFactory.invokeInitMethods(Ljava/lang/String;Ljava/lang/Object;Lorg/springframework/beans/factory/support/RootBeanDefinition;)V+106
j  org.springframework.beans.factory.support.AbstractAutowireCapableBeanFactory.initializeBean(Ljava/lang/String;Ljava/lang/Object;Lorg/springframework/beans/factory/support/RootBeanDefinition;)Ljava/lang/Object;+59
j  org.springframework.beans.factory.support.AbstractAutowireCapableBeanFactory.doCreateBean(Ljava/lang/String;Lorg/springframework/beans/factory/support/RootBeanDefinition;[Ljava/lang/Object;)Ljava/lang/Object;+245
j  org.springframework.beans.factory.support.AbstractAutowireCapableBeanFactory.createBean(Ljava/lang/String;Lorg/springframework/beans/factory/support/RootBeanDefinition;[Ljava/lang/Object;)Ljava/lang/Object;+169
j  org.springframework.beans.factory.support.AbstractBeanFactory.lambda$doGetBean$0(Ljava/lang/String;Lorg/springframework/beans/factory/support/RootBeanDefinition;[Ljava/lang/Object;)Ljava/lang/Object;+4
j  org.springframework.beans.factory.support.AbstractBeanFactory$$Lambda$137.getObject()Ljava/lang/Object;+16
j  org.springframework.beans.factory.support.DefaultSingletonBeanRegistry.getSingleton(Ljava/lang/String;Lorg/springframework/beans/factory/ObjectFactory;)Ljava/lang/Object;+132
j  org.springframework.beans.factory.support.AbstractBeanFactory.doGetBean(Ljava/lang/String;Ljava/lang/Class;[Ljava/lang/Object;Z)Ljava/lang/Object;+467
j  org.springframework.beans.factory.support.AbstractBeanFactory.getBean(Ljava/lang/String;)Ljava/lang/Object;+5
j  org.springframework.beans.factory.config.DependencyDescriptor.resolveCandidate(Ljava/lang/String;Ljava/lang/Class;Lorg/springframework/beans/factory/BeanFactory;)Ljava/lang/Object;+2
j  org.springframework.beans.factory.support.DefaultListableBeanFactory.doResolveDependency(Lorg/springframework/beans/factory/config/DependencyDescriptor;Ljava/lang/String;Ljava/util/Set;Lorg/springframework/beans/TypeConverter;)Ljava/lang/Object;+440
j  org.springframework.beans.factory.support.DefaultListableBeanFactory.resolveDependency(Lorg/springframework/beans/factory/config/DependencyDescriptor;Ljava/lang/String;Ljava/util/Set;Lorg/springframework/beans/TypeConverter;)Ljava/lang/Object;+108
j  org.springframework.beans.factory.annotation.AutowiredAnnotationBeanPostProcessor$AutowiredFieldElement.inject(Ljava/lang/Object;Ljava/lang/String;Lorg/springframework/beans/PropertyValues;)V+115
j  org.springframework.beans.factory.annotation.InjectionMetadata.inject(Ljava/lang/Object;Ljava/lang/String;Lorg/springframework/beans/PropertyValues;)V+116
j  org.springframework.beans.factory.annotation.AutowiredAnnotationBeanPostProcessor.postProcessProperties(Lorg/springframework/beans/PropertyValues;Ljava/lang/Object;Ljava/lang/String;)Lorg/springframework/beans/PropertyValues;+17
j  org.springframework.beans.factory.support.AbstractAutowireCapableBeanFactory.populateBean(Ljava/lang/String;Lorg/springframework/beans/factory/support/RootBeanDefinition;Lorg/springframework/beans/BeanWrapper;)V+289
j  org.springframework.beans.factory.support.AbstractAutowireCapableBeanFactory.doCreateBean(Ljava/lang/String;Lorg/springframework/beans/factory/support/RootBeanDefinition;[Ljava/lang/Object;)Ljava/lang/Object;+237
j  org.springframework.beans.factory.support.AbstractAutowireCapableBeanFactory.createBean(Ljava/lang/String;Lorg/springframework/beans/factory/support/RootBeanDefinition;[Ljava/lang/Object;)Ljava/lang/Object;+169
j  org.springframework.beans.factory.support.AbstractBeanFactory.lambda$doGetBean$0(Ljava/lang/String;Lorg/springframework/beans/factory/support/RootBeanDefinition;[Ljava/lang/Object;)Ljava/lang/Object;+4
j  org.springframework.beans.factory.support.AbstractBeanFactory$$Lambda$137.getObject()Ljava/lang/Object;+16
j  org.springframework.beans.factory.support.DefaultSingletonBeanRegistry.getSingleton(Ljava/lang/String;Lorg/springframework/beans/factory/ObjectFactory;)Ljava/lang/Object;+132
j  org.springframework.beans.factory.support.AbstractBeanFactory.doGetBean(Ljava/lang/String;Ljava/lang/Class;[Ljava/lang/Object;Z)Ljava/lang/Object;+467
j  org.springframework.beans.factory.support.AbstractBeanFactory.getBean(Ljava/lang/String;)Ljava/lang/Object;+5
j  org.springframework.beans.factory.config.DependencyDescriptor.resolveCandidate(Ljava/lang/String;Ljava/lang/Class;Lorg/springframework/beans/factory/BeanFactory;)Ljava/lang/Object;+2
j  org.springframework.beans.factory.support.DefaultListableBeanFactory.doResolveDependency(Lorg/springframework/beans/factory/config/DependencyDescriptor;Ljava/lang/String;Ljava/util/Set;Lorg/springframework/beans/TypeConverter;)Ljava/lang/Object;+440
j  org.springframework.beans.factory.support.DefaultListableBeanFactory.resolveDependency(Lorg/springframework/beans/factory/config/DependencyDescriptor;Ljava/lang/String;Ljava/util/Set;Lorg/springframework/beans/TypeConverter;)Ljava/lang/Object;+108
j  org.springframework.beans.factory.annotation.AutowiredAnnotationBeanPostProcessor$AutowiredFieldElement.inject(Ljava/lang/Object;Ljava/lang/String;Lorg/springframework/beans/PropertyValues;)V+115
j  org.springframework.beans.factory.annotation.InjectionMetadata.inject(Ljava/lang/Object;Ljava/lang/String;Lorg/springframework/beans/PropertyValues;)V+116
j  org.springframework.beans.factory.annotation.AutowiredAnnotationBeanPostProcessor.postProcessProperties(Lorg/springframework/beans/PropertyValues;Ljava/lang/Object;Ljava/lang/String;)Lorg/springframework/beans/PropertyValues;+17
j  org.springframework.beans.factory.support.AbstractAutowireCapableBeanFactory.populateBean(Ljava/lang/String;Lorg/springframework/beans/factory/support/RootBeanDefinition;Lorg/springframework/beans/BeanWrapper;)V+289
j  org.springframework.beans.factory.support.AbstractAutowireCapableBeanFactory.doCreateBean(Ljava/lang/String;Lorg/springframework/beans/factory/support/RootBeanDefinition;[Ljava/lang/Object;)Ljava/lang/Object;+237
j  org.springframework.beans.factory.support.AbstractAutowireCapableBeanFactory.createBean(Ljava/lang/String;Lorg/springframework/beans/factory/support/RootBeanDefinition;[Ljava/lang/Object;)Ljava/lang/Object;+169
j  org.springframework.beans.factory.support.AbstractBeanFactory.lambda$doGetBean$0(Ljava/lang/String;Lorg/springframework/beans/factory/support/RootBeanDefinition;[Ljava/lang/Object;)Ljava/lang/Object;+4
j  org.springframework.beans.factory.support.AbstractBeanFactory$$Lambda$137.getObject()Ljava/lang/Object;+16
j  org.springframework.beans.factory.support.DefaultSingletonBeanRegistry.getSingleton(Ljava/lang/String;Lorg/springframework/beans/factory/ObjectFactory;)Ljava/lang/Object;+132
j  org.springframework.beans.factory.support.AbstractBeanFactory.doGetBean(Ljava/lang/String;Ljava/lang/Class;[Ljava/lang/Object;Z)Ljava/lang/Object;+467
j  org.springframework.beans.factory.support.AbstractBeanFactory.getBean(Ljava/lang/String;)Ljava/lang/Object;+5
j  org.springframework.beans.factory.support.DefaultListableBeanFactory.preInstantiateSingletons()V+248
j  org.springframework.context.support.AbstractApplicationContext.finishBeanFactoryInitialization(Lorg/springframework/beans/factory/config/ConfigurableListableBeanFactory;)V+124
j  org.springframework.context.support.AbstractApplicationContext.refresh()V+54
j  org.springframework.boot.web.servlet.context.ServletWebServerApplicationContext.refresh()V+1
j  org.springframework.boot.SpringApplication.refresh(Lorg/springframework/context/ApplicationContext;)V+10
j  org.springframework.boot.SpringApplication.refreshContext(Lorg/springframework/context/ConfigurableApplicationContext;)V+2
j  org.springframework.boot.SpringApplication.run([Ljava/lang/String;)Lorg/springframework/context/ConfigurableApplicationContext;+118
j  org.springframework.boot.SpringApplication.run([Ljava/lang/Class;[Ljava/lang/String;)Lorg/springframework/context/ConfigurableApplicationContext;+9
j  org.springframework.boot.SpringApplication.run(Ljava/lang/Class;[Ljava/lang/String;)Lorg/springframework/context/ConfigurableApplicationContext;+9
j  com.personalprojects.AbacusLibraryServer.AbacusLibraryServerApplication.main([Ljava/lang/String;)V+3
v  ~StubRoutines::call_stub

---------------  P R O C E S S  ---------------

Java Threads: ( => current thread )
  0x17761000 JavaThread "HikariPool-1 connection adder" daemon [_thread_blocked, id=7280, stack(0x1a000000,0x1a050000)]
  0x187cf400 JavaThread "HikariPool-1 housekeeper" daemon [_thread_blocked, id=11260, stack(0x19e70000,0x19ec0000)]
  0x1858f400 JavaThread "mysql-cj-abandoned-connection-cleanup" daemon [_thread_blocked, id=11784, stack(0x19650000,0x196a0000)]
  0x184e4800 JavaThread "container-0" [_thread_blocked, id=7540, stack(0x195c0000,0x19610000)]
  0x184e2c00 JavaThread "Catalina-utility-2" [_thread_blocked, id=9084, stack(0x16a10000,0x16a60000)]
  0x1630e400 JavaThread "Catalina-utility-1" [_thread_blocked, id=14104, stack(0x166a0000,0x166f0000)]
  0x02e69400 JavaThread "Service Thread" daemon [_thread_blocked, id=8160, stack(0x16440000,0x16490000)]
  0x02e0d000 JavaThread "C1 CompilerThread0" daemon [_thread_blocked, id=13944, stack(0x161b0000,0x16200000)]
  0x02e0c000 JavaThread "Attach Listener" daemon [_thread_blocked, id=6820, stack(0x15c00000,0x15c50000)]
  0x02e0a000 JavaThread "Signal Dispatcher" daemon [_thread_blocked, id=14208, stack(0x15b70000,0x15bc0000)]
  0x02d9a000 JavaThread "Finalizer" daemon [_thread_blocked, id=9716, stack(0x15ae0000,0x15b30000)]
  0x02d95400 JavaThread "Reference Handler" daemon [_thread_blocked, id=11812, stack(0x15a50000,0x15aa0000)]
=>0x02d71400 JavaThread "main" [_thread_in_vm, id=11284, stack(0x014a0000,0x014f0000)]

Other Threads:
  0x02d93800 VMThread [stack: 0x04fa0000,0x04ff0000] [id=13716]
  0x02e6cc00 WatcherThread [stack: 0x164d0000,0x16520000] [id=10848]

VM state:not at safepoint (normal execution)

VM Mutex/Monitor currently owned by a thread: None

Heap:
 def new generation   total 12224K, used 7372K [0x05000000, 0x05d40000, 0x0a550000)
  eden space 10880K,  57% used [0x05000000, 0x05611408, 0x05aa0000)
  from space 1344K,  86% used [0x05bf0000, 0x05d11ea0, 0x05d40000)
  to   space 1344K,   0% used [0x05aa0000, 0x05aa0000, 0x05bf0000)
 tenured generation   total 27080K, used 19497K [0x0a550000, 0x0bfc2000, 0x15000000)
   the space 27080K,  72% used [0x0a550000, 0x0b85a668, 0x0b85a800, 0x0bfc2000)
 Metaspace total 31071K, used 30477K, reserved 35200K
  data space     31071K, used 30477K, reserved 35200K

Card table byte_map: [0x04e70000,0x04f00000] byte_map_base: 0x04e48000

Polling page: 0x01320000

CodeCache: size=32768Kb used=3756Kb max_used=3756Kb free=29011Kb
 bounds [0x02e70000, 0x03220000, 0x04e70000]
 total_blobs=2481 nmethods=2273 adapters=140
 compilation: enabled

Compilation events (10 events):
Event: 4.997 Thread 0x02e0d000 nmethod 2317 0x03219808 code [0x03219910, 0x03219a4c]
Event: 4.997 Thread 0x02e0d000 2318             org.springframework.data.repository.core.support.MethodLookup$InvokedMethod::<init> (24 bytes)
Event: 4.997 Thread 0x02e0d000 nmethod 2318 0x03219b08 code [0x03219c10, 0x03219d0c]
Event: 4.997 Thread 0x02e0d000 2319             org.springframework.data.repository.core.support.RepositoryComposition$$Lambda$659::<init> (10 bytes)
Event: 4.997 Thread 0x02e0d000 nmethod 2319 0x03219d88 code [0x03219e80, 0x03219f10]
Event: 4.997 Thread 0x02e0d000 2320             org.springframework.data.repository.core.support.RepositoryComposition$RepositoryFragments::access$000 (7 bytes)
Event: 4.997 Thread 0x02e0d000 nmethod 2320 0x03219f48 code [0x0321a050, 0x0321a0dc]
Event: 4.997 Thread 0x02e0d000 2321             org.springframework.data.repository.core.support.MethodLookup$$Lambda$656::getLookups (12 bytes)
Event: 4.997 Thread 0x02e0d000 nmethod 2321 0x0321a148 code [0x0321a250, 0x0321a2ec]
Event: 4.997 Thread 0x02e0d000 2322             org.springframework.data.repository.core.support.MethodLookup::lambda$and$0 (37 bytes)

GC Heap History (10 events):
Event: 4.299 GC heap before
{Heap before GC invocations=95 (full 3):
 def new generation   total 12224K, used 12161K [0x05000000, 0x05d40000, 0x0a550000)
  eden space 10880K, 100% used [0x05000000, 0x05aa0000, 0x05aa0000)
  from space 1344K,  95% used [0x05aa0000, 0x05be0798, 0x05bf0000)
  to   space 1344K,   0% used [0x05bf0000, 0x05bf0000, 0x05d40000)
 tenured generation   total 27080K, used 17666K [0x0a550000, 0x0bfc2000, 0x15000000)
   the space 27080K,  65% used [0x0a550000, 0x0b690900, 0x0b690a00, 0x0bfc2000)
 Metaspace total 27566K, used 27059K, reserved 31104K
  data space     27566K, used 27059K, reserved 31104K
Event: 4.302 GC heap after
Heap after GC invocations=96 (full 3):
 def new generation   total 12224K, used 1344K [0x05000000, 0x05d40000, 0x0a550000)
  eden space 10880K,   0% used [0x05000000, 0x05000000, 0x05aa0000)
  from space 1344K, 100% used [0x05bf0000, 0x05d40000, 0x05d40000)
  to   space 1344K,   0% used [0x05aa0000, 0x05aa0000, 0x05bf0000)
 tenured generation   total 27080K, used 17904K [0x0a550000, 0x0bfc2000, 0x15000000)
   the space 27080K,  66% used [0x0a550000, 0x0b6cc0e0, 0x0b6cc200, 0x0bfc2000)
 Metaspace total 27566K, used 27059K, reserved 31104K
  data space     27566K, used 27059K, reserved 31104K
}
Event: 4.491 GC heap before
{Heap before GC invocations=96 (full 3):
 def new generation   total 12224K, used 12224K [0x05000000, 0x05d40000, 0x0a550000)
  eden space 10880K, 100% used [0x05000000, 0x05aa0000, 0x05aa0000)
  from space 1344K, 100% used [0x05bf0000, 0x05d40000, 0x05d40000)
  to   space 1344K,   0% used [0x05aa0000, 0x05aa0000, 0x05bf0000)
 tenured generation   total 27080K, used 17904K [0x0a550000, 0x0bfc2000, 0x15000000)
   the space 27080K,  66% used [0x0a550000, 0x0b6cc0e0, 0x0b6cc200, 0x0bfc2000)
 Metaspace total 28433K, used 27923K, reserved 32128K
  data space     28433K, used 27923K, reserved 32128K
Event: 4.496 GC heap after
Heap after GC invocations=97 (full 3):
 def new generation   total 12224K, used 1343K [0x05000000, 0x05d40000, 0x0a550000)
  eden space 10880K,   0% used [0x05000000, 0x05000000, 0x05aa0000)
  from space 1344K,  99% used [0x05aa0000, 0x05befff8, 0x05bf0000)
  to   space 1344K,   0% used [0x05bf0000, 0x05bf0000, 0x05d40000)
 tenured generation   total 27080K, used 18244K [0x0a550000, 0x0bfc2000, 0x15000000)
   the space 27080K,  67% used [0x0a550000, 0x0b721050, 0x0b721200, 0x0bfc2000)
 Metaspace total 28433K, used 27923K, reserved 32128K
  data space     28433K, used 27923K, reserved 32128K
}
Event: 4.661 GC heap before
{Heap before GC invocations=97 (full 3):
 def new generation   total 12224K, used 12223K [0x05000000, 0x05d40000, 0x0a550000)
  eden space 10880K, 100% used [0x05000000, 0x05aa0000, 0x05aa0000)
  from space 1344K,  99% used [0x05aa0000, 0x05befff8, 0x05bf0000)
  to   space 1344K,   0% used [0x05bf0000, 0x05bf0000, 0x05d40000)
 tenured generation   total 27080K, used 18244K [0x0a550000, 0x0bfc2000, 0x15000000)
   the space 27080K,  67% used [0x0a550000, 0x0b721050, 0x0b721200, 0x0bfc2000)
 Metaspace total 28696K, used 28185K, reserved 32128K
  data space     28696K, used 28185K, reserved 32128K
Event: 4.666 GC heap after
Heap after GC invocations=98 (full 3):
 def new generation   total 12224K, used 827K [0x05000000, 0x05d40000, 0x0a550000)
  eden space 10880K,   0% used [0x05000000, 0x05000000, 0x05aa0000)
  from space 1344K,  61% used [0x05bf0000, 0x05cbeed0, 0x05d40000)
  to   space 1344K,   0% used [0x05aa0000, 0x05aa0000, 0x05bf0000)
 tenured generation   total 27080K, used 18483K [0x0a550000, 0x0bfc2000, 0x15000000)
   the space 27080K,  68% used [0x0a550000, 0x0b75cf18, 0x0b75d000, 0x0bfc2000)
 Metaspace total 28696K, used 28185K, reserved 32128K
  data space     28696K, used 28185K, reserved 32128K
}
Event: 4.791 GC heap before
{Heap before GC invocations=98 (full 3):
 def new generation   total 12224K, used 11707K [0x05000000, 0x05d40000, 0x0a550000)
  eden space 10880K, 100% used [0x05000000, 0x05aa0000, 0x05aa0000)
  from space 1344K,  61% used [0x05bf0000, 0x05cbeed0, 0x05d40000)
  to   space 1344K,   0% used [0x05aa0000, 0x05aa0000, 0x05bf0000)
 tenured generation   total 27080K, used 18483K [0x0a550000, 0x0bfc2000, 0x15000000)
   the space 27080K,  68% used [0x0a550000, 0x0b75cf18, 0x0b75d000, 0x0bfc2000)
 Metaspace total 29731K, used 29164K, reserved 33152K
  data space     29731K, used 29164K, reserved 33152K
Event: 4.796 GC heap after
Heap after GC invocations=99 (full 3):
 def new generation   total 12224K, used 1340K [0x05000000, 0x05d40000, 0x0a550000)
  eden space 10880K,   0% used [0x05000000, 0x05000000, 0x05aa0000)
  from space 1344K,  99% used [0x05aa0000, 0x05bef050, 0x05bf0000)
  to   space 1344K,   0% used [0x05bf0000, 0x05bf0000, 0x05d40000)
 tenured generation   total 27080K, used 19028K [0x0a550000, 0x0bfc2000, 0x15000000)
   the space 27080K,  70% used [0x0a550000, 0x0b7e5230, 0x0b7e5400, 0x0bfc2000)
 Metaspace total 29731K, used 29164K, reserved 33152K
  data space     29731K, used 29164K, reserved 33152K
}
Event: 4.925 GC heap before
{Heap before GC invocations=99 (full 3):
 def new generation   total 12224K, used 12220K [0x05000000, 0x05d40000, 0x0a550000)
  eden space 10880K, 100% used [0x05000000, 0x05aa0000, 0x05aa0000)
  from space 1344K,  99% used [0x05aa0000, 0x05bef050, 0x05bf0000)
  to   space 1344K,   0% used [0x05bf0000, 0x05bf0000, 0x05d40000)
 tenured generation   total 27080K, used 19028K [0x0a550000, 0x0bfc2000, 0x15000000)
   the space 27080K,  70% used [0x0a550000, 0x0b7e5230, 0x0b7e5400, 0x0bfc2000)
 Metaspace total 30642K, used 30042K, reserved 34176K
  data space     30642K, used 30042K, reserved 34176K
Event: 4.930 GC heap after
Heap after GC invocations=100 (full 3):
 def new generation   total 12224K, used 1159K [0x05000000, 0x05d40000, 0x0a550000)
  eden space 10880K,   0% used [0x05000000, 0x05000000, 0x05aa0000)
  from space 1344K,  86% used [0x05bf0000, 0x05d11ea0, 0x05d40000)
  to   space 1344K,   0% used [0x05aa0000, 0x05aa0000, 0x05bf0000)
 tenured generation   total 27080K, used 19497K [0x0a550000, 0x0bfc2000, 0x15000000)
   the space 27080K,  72% used [0x0a550000, 0x0b85a668, 0x0b85a800, 0x0bfc2000)
 Metaspace total 30642K, used 30042K, reserved 34176K
  data space     30642K, used 30042K, reserved 34176K
}

Deoptimization events (0 events):
No events

Internal exceptions (10 events):
Event: 4.988 Thread 0x02d71400 Exception <a 'java/security/PrivilegedActionException'> (0x05506240) thrown at [D:\re\workspace\8-2-build-windows-i586-cygwin\jdk8\312\hotspot\src\share\vm\prims\jvm.cpp, line 1249]
Event: 4.988 Thread 0x02d71400 Exception <a 'java/security/PrivilegedActionException'> (0x05508330) thrown at [D:\re\workspace\8-2-build-windows-i586-cygwin\jdk8\312\hotspot\src\share\vm\prims\jvm.cpp, line 1249]
Event: 4.988 Thread 0x02d71400 Exception <a 'java/security/PrivilegedActionException'> (0x0550d9e8) thrown at [D:\re\workspace\8-2-build-windows-i586-cygwin\jdk8\312\hotspot\src\share\vm\prims\jvm.cpp, line 1249]
Event: 4.988 Thread 0x02d71400 Exception <a 'java/security/PrivilegedActionException'> (0x0550fad8) thrown at [D:\re\workspace\8-2-build-windows-i586-cygwin\jdk8\312\hotspot\src\share\vm\prims\jvm.cpp, line 1249]
Event: 4.988 Thread 0x02d71400 Exception <a 'java/security/PrivilegedActionException'> (0x05515190) thrown at [D:\re\workspace\8-2-build-windows-i586-cygwin\jdk8\312\hotspot\src\share\vm\prims\jvm.cpp, line 1249]
Event: 4.989 Thread 0x02d71400 Exception <a 'java/security/PrivilegedActionException'> (0x05522b10) thrown at [D:\re\workspace\8-2-build-windows-i586-cygwin\jdk8\312\hotspot\src\share\vm\prims\jvm.cpp, line 1249]
Event: 4.989 Thread 0x02d71400 Exception <a 'java/security/PrivilegedActionException'> (0x055281c8) thrown at [D:\re\workspace\8-2-build-windows-i586-cygwin\jdk8\312\hotspot\src\share\vm\prims\jvm.cpp, line 1249]
Event: 4.989 Thread 0x02d71400 Exception <a 'java/security/PrivilegedActionException'> (0x0552a060) thrown at [D:\re\workspace\8-2-build-windows-i586-cygwin\jdk8\312\hotspot\src\share\vm\prims\jvm.cpp, line 1249]
Event: 4.989 Thread 0x02d71400 Exception <a 'java/security/PrivilegedActionException'> (0x0552f718) thrown at [D:\re\workspace\8-2-build-windows-i586-cygwin\jdk8\312\hotspot\src\share\vm\prims\jvm.cpp, line 1249]
Event: 4.990 Thread 0x02d71400 Exception <a 'java/security/PrivilegedActionException'> (0x05535b48) thrown at [D:\re\workspace\8-2-build-windows-i586-cygwin\jdk8\312\hotspot\src\share\vm\prims\jvm.cpp, line 1249]

Events (10 events):
Event: 4.988 loading class javax/annotation/Nonnull
Event: 4.988 loading class javax/annotation/Nonnull done
Event: 4.988 loading class javax/annotation/Nonnull
Event: 4.988 loading class javax/annotation/Nonnull done
Event: 4.989 loading class javax/annotation/Nonnull
Event: 4.989 loading class javax/annotation/Nonnull done
Event: 4.989 loading class javax/annotation/Nonnull
Event: 4.989 loading class javax/annotation/Nonnull done
Event: 4.989 loading class org/springframework/beans/factory/annotation/AutowiredAnnotationBeanPostProcessor$ShortcutDependencyDescriptor
Event: 4.989 loading class org/springframework/beans/factory/annotation/AutowiredAnnotationBeanPostProcessor$ShortcutDependencyDescriptor done


Dynamic libraries:
0x000a0000 - 0x000d0000 	C:\Program Files (x86)\Java\jdk1.8.0\bin\javaw.exe
0x77570000 - 0x7770a000 	C:\WINDOWS\SYSTEM32\ntdll.dll
0x773a0000 - 0x77480000 	C:\WINDOWS\System32\KERNEL32.DLL
0x75f50000 - 0x7614c000 	C:\WINDOWS\System32\KERNELBASE.dll
0x774e0000 - 0x77559000 	C:\WINDOWS\System32\ADVAPI32.dll
0x76660000 - 0x7671f000 	C:\WINDOWS\System32\msvcrt.dll
0x76720000 - 0x76796000 	C:\WINDOWS\System32\sechost.dll
0x76a40000 - 0x76afb000 	C:\WINDOWS\System32\RPCRT4.dll
0x74d40000 - 0x74d60000 	C:\WINDOWS\System32\SspiCli.dll
0x74d30000 - 0x74d3a000 	C:\WINDOWS\System32\CRYPTBASE.dll
0x74da0000 - 0x74dff000 	C:\WINDOWS\System32\bcryptPrimitives.dll
0x76b50000 - 0x76ce7000 	C:\WINDOWS\System32\USER32.dll
0x75530000 - 0x75547000 	C:\WINDOWS\System32\win32u.dll
0x74d60000 - 0x74d81000 	C:\WINDOWS\System32\GDI32.dll
0x76820000 - 0x7697a000 	C:\WINDOWS\System32\gdi32full.dll
0x767a0000 - 0x7681c000 	C:\WINDOWS\System32\msvcp_win.dll
0x757b0000 - 0x758cf000 	C:\WINDOWS\System32\ucrtbase.dll
0x74ac0000 - 0x74ccf000 	C:\WINDOWS\WinSxS\x86_microsoft.windows.common-controls_6595b64144ccf1df_6.0.18362.592_none_2e6de868278ee708\COMCTL32.dll
0x76150000 - 0x763c6000 	C:\WINDOWS\System32\combase.dll
0x755e0000 - 0x75605000 	C:\WINDOWS\System32\IMM32.DLL
0x663c0000 - 0x6647f000 	C:\Program Files (x86)\Java\jdk1.8.0\jre\bin\msvcr100.dll
0x66030000 - 0x663bb000 	C:\Program Files (x86)\Java\jdk1.8.0\jre\bin\client\jvm.dll
0x75480000 - 0x75486000 	C:\WINDOWS\System32\PSAPI.DLL
0x6ab80000 - 0x6ab88000 	C:\WINDOWS\SYSTEM32\WSOCK32.dll
0x6abc0000 - 0x6abe4000 	C:\WINDOWS\SYSTEM32\WINMM.dll
0x769e0000 - 0x76a3e000 	C:\WINDOWS\System32\WS2_32.dll
0x6ab90000 - 0x6abb3000 	C:\WINDOWS\SYSTEM32\WINMMBASE.dll
0x75610000 - 0x7564b000 	C:\WINDOWS\System32\cfgmgr32.dll
0x71260000 - 0x7126c000 	C:\Program Files (x86)\Java\jdk1.8.0\jre\bin\verify.dll
0x66000000 - 0x66021000 	C:\Program Files (x86)\Java\jdk1.8.0\jre\bin\java.dll
0x71120000 - 0x71133000 	C:\Program Files (x86)\Java\jdk1.8.0\jre\bin\zip.dll
0x759d0000 - 0x75f4a000 	C:\WINDOWS\System32\SHELL32.dll
0x75550000 - 0x755d4000 	C:\WINDOWS\System32\shcore.dll
0x74eb0000 - 0x75475000 	C:\WINDOWS\System32\windows.storage.dll
0x76540000 - 0x76557000 	C:\WINDOWS\System32\profapi.dll
0x75760000 - 0x757a3000 	C:\WINDOWS\System32\powrprof.dll
0x769d0000 - 0x769dd000 	C:\WINDOWS\System32\UMPDC.dll
0x76b00000 - 0x76b44000 	C:\WINDOWS\System32\shlwapi.dll
0x754b0000 - 0x754bf000 	C:\WINDOWS\System32\kernel.appcore.dll
0x74e90000 - 0x74ea3000 	C:\WINDOWS\System32\cryptsp.dll
0x71250000 - 0x7125a000 	C:\Program Files (x86)\Java\jdk1.8.0\jre\bin\management.dll
0x65fe0000 - 0x65ff4000 	C:\Program Files (x86)\Java\jdk1.8.0\jre\bin\net.dll
0x74100000 - 0x74152000 	C:\WINDOWS\system32\mswsock.dll
0x6cc50000 - 0x6cc61000 	C:\WINDOWS\system32\napinsp.dll
0x6cc30000 - 0x6cc46000 	C:\WINDOWS\system32\pnrpnsp.dll
0x74370000 - 0x74401000 	C:\WINDOWS\SYSTEM32\DNSAPI.dll
0x76ec0000 - 0x76ec7000 	C:\WINDOWS\System32\NSI.dll
0x74330000 - 0x74362000 	C:\WINDOWS\SYSTEM32\IPHLPAPI.DLL
0x71380000 - 0x7138b000 	C:\WINDOWS\System32\winrnr.dll
0x74160000 - 0x74176000 	C:\WINDOWS\system32\NLAapi.dll
0x710e0000 - 0x710f0000 	C:\WINDOWS\system32\wshbth.dll
0x740b0000 - 0x740b8000 	C:\Windows\System32\rasadhlp.dll
0x74050000 - 0x740a1000 	C:\WINDOWS\System32\fwpuclnt.dll
0x76d90000 - 0x76da9000 	C:\WINDOWS\System32\bcrypt.dll
0x65fd0000 - 0x65fdf000 	C:\Program Files (x86)\Java\jdk1.8.0\jre\bin\nio.dll
0x74250000 - 0x7427f000 	C:\WINDOWS\system32\rsaenh.dll
0x74180000 - 0x7419e000 	C:\WINDOWS\SYSTEM32\USERENV.dll
0x65fb0000 - 0x65fd0000 	C:\Program Files (x86)\Java\jdk1.8.0\jre\bin\sunec.dll
0x65e20000 - 0x65faf000 	C:\WINDOWS\SYSTEM32\dbghelp.dll

VM Arguments:
jvm_args: -Dfile.encoding=UTF-8 
java_command: com.personalprojects.AbacusLibraryServer.AbacusLibraryServerApplication
java_class_path (initial): D:\personalproject\AbacusLibraryServer\target\classes;C:\Users\Himanshu\.m2\repository\org\springframework\boot\spring-boot-starter-data-jpa\2.2.4.RELEASE\spring-boot-starter-data-jpa-2.2.4.RELEASE.jar;C:\Users\Himanshu\.m2\repository\org\springframework\boot\spring-boot-starter-aop\2.2.4.RELEASE\spring-boot-starter-aop-2.2.4.RELEASE.jar;C:\Users\Himanshu\.m2\repository\org\springframework\spring-aop\5.2.3.RELEASE\spring-aop-5.2.3.RELEASE.jar;C:\Users\Himanshu\.m2\repository\org\aspectj\aspectjweaver\1.9.5\aspectjweaver-1.9.5.jar;C:\Users\Himanshu\.m2\repository\org\springframework\boot\spring-boot-starter-jdbc\2.2.4.RELEASE\spring-boot-starter-jdbc-2.2.4.RELEASE.jar;C:\Users\Himanshu\.m2\repository\com\zaxxer\HikariCP\3.4.2\HikariCP-3.4.2.jar;C:\Users\Himanshu\.m2\repository\org\springframework\spring-jdbc\5.2.3.RELEASE\spring-jdbc-5.2.3.RELEASE.jar;C:\Users\Himanshu\.m2\repository\jakarta\activation\jakarta.activation-api\1.2.1\jakarta.activation-api-1.2.1.jar;C:\Users\Himanshu\.m2\repository\jakarta\persistence\jakarta.persistence-api\2.2.3\jakarta.persistence-api-2.2.3.jar;C:\Users\Himanshu\.m2\repository\jakarta\transaction\jakarta.transaction-api\1.3.3\jakarta.transaction-api-1.3.3.jar;C:\Users\Himanshu\.m2\repository\org\hibernate\hibernate-core\5.4.10.Final\hibernate-core-5.4.10.Final.jar;C:\Users\Himanshu\.m2\repository\org\jboss\logging\jboss-logging\3.4.1.Final\jboss-logging-3.4.1.Final.jar;C:\Users\Himanshu\.m2\repository\org\javassist\javassist\3.24.0-GA\javassist-3.24.0-GA.jar;C:\Users\Himanshu\.m2\repository\net\bytebuddy\byte-buddy\1.10.6\byte-buddy-1.10.6.jar;C:\Users\Himanshu\.m2\repository\antlr\antlr\2.7.7\antlr-2.7.7.jar;C:\Users\Himanshu\.m2\repository\org\jboss\jandex\2.1.1.Final\jandex-2.1.1.Final.jar;C:\Users\Himanshu\.m2\repository\com\fasterxml\classmate\1.5.1\classmate-1.5.1.jar;C:\Users\Himanshu\.m2\repository\org\dom4j\dom4j\2.1.1\dom4j-2.1.1.jar;C:\Users\Himanshu\.m2\repository\org\hibernate\common\hibernat
Launcher Type: SUN_STANDARD

Environment Variables:
JAVA_HOME=C:\Program Files (x86)\Java\jdk1.8.0
PATH=C:/Program Files/Java/jdk-13.0.2/bin/server;C:/Program Files/Java/jdk-13.0.2/bin;C:\Program Files (x86)\Common Files\Oracle\Java\javapath;C:\WINDOWS\system32;C:\WINDOWS;C:\WINDOWS\System32\Wbem;C:\WINDOWS\System32\WindowsPowerShell\v1.0\;C:\WINDOWS\System32\OpenSSH\;C:\Program Files\nodejs\;C:\Program Files (x86)\Java\jdk1.8.0\bin;C:\apache-maven-3.6.3\bin;C:\Gradle\bin;C:\Program Files\MySQL\MySQL Shell 8.0\bin\;C:\Users\Himanshu\AppData\Local\Microsoft\WindowsApps;;C:\Users\Himanshu\AppData\Local\Programs\Microsoft VS Code\bin;C:\Users\Himanshu\AppData\Roaming\npm;C:\Users\Himanshu\Desktop;
USERNAME=Himanshu
OS=Windows_NT
PROCESSOR_IDENTIFIER=Intel64 Family 6 Model 78 Stepping 3, GenuineIntel



---------------  S Y S T E M  ---------------

OS: Windows 8.1 , 64 bit Build 9600 

CPU:total 4 (2 cores per cpu, 2 threads per core) family 6 model 78 stepping 3, cmov, cx8, fxsr, mmx, sse, sse2, sse3, ssse3, sse4.1, sse4.2, popcnt, avx, avx2, aes, clmul, erms, ht, tsc, tscinvbit

Memory: 4k page, physical 8276996k(3284300k free), swap 15617028k(9942836k free)

vm_info: Java HotSpot(TM) Client VM (25.0-b51) for windows-x86 JRE (1.8.0-ea-b109), built on Sep 26 2013 11:10:25 by "java_re" with MS VC++ 10.0 (VS2010)

time: Mon Feb 10 17:51:49 2020
elapsed time: 5 seconds

